d:\документы\code\alloydb\debug\system.data.sqlite.dll
d:\документы\code\alloydb\alloydb\debug\alloydb.myform.resources
d:\документы\code\alloydb\alloydb\debug\vc140.pdb
d:\документы\code\alloydb\alloydb\debug\.netframework,version=v4.5.2.assemblyattributes.obj
d:\документы\code\alloydb\alloydb\debug\.netframework,version=v4.5.2.assemblyattributes.asm
d:\документы\code\alloydb\alloydb\debug\myform.obj
d:\документы\code\alloydb\debug\alloydb.exe
d:\документы\code\alloydb\debug\alloydb.pdb
d:\документы\code\alloydb\alloydb\debug\alloydb.tlog\metagen.write.1.tlog
d:\документы\code\alloydb\alloydb\debug\alloydb.vcxproj.generateresource.cache
d:\документы\code\alloydb\alloydb\debug\alloydb.vcxprojresolveassemblyreference.cache
d:\документы\code\alloydb\alloydb\debug\alloydb.tlog\alloydb.write.1u.tlog
d:\документы\code\alloydb\alloydb\debug\alloydb.tlog\cl.command.1.tlog
d:\документы\code\alloydb\alloydb\debug\alloydb.tlog\cl.read.1.tlog
d:\документы\code\alloydb\alloydb\debug\alloydb.tlog\cl.write.1.tlog
d:\документы\code\alloydb\alloydb\debug\alloydb.tlog\link.command.1.tlog
d:\документы\code\alloydb\alloydb\debug\alloydb.tlog\link.read.1.tlog
d:\документы\code\alloydb\alloydb\debug\alloydb.tlog\link.write.1.tlog
d:\документы\code\alloydb\alloydb\debug\alloydb.tlog\metagen.read.1.tlog
d:\документы\code\alloydb\alloydb\debug\alloydb.tlog\system.data.sqlite.dll.metagen
d:\документы\code\alloydb\alloydb\debug\alloydb.tlog\tzres.dll.bi
